Beginning Backup
rsyncing VMs
Mon Dec 1 10:20:09 EST 2014
sending incremental file list

sent 258 bytes  received 12 bytes  540.00 bytes/sec
total size is 283,495,235,584  speedup is 1,049,982,354.01
sending incremental file list

sent 62 bytes  received 12 bytes  148.00 bytes/sec
total size is 3,135  speedup is 42.36
Mon Dec 1 10:20:33 EST 2014
+ /sbin/dump -u -e 1035,9175301,9177917,14182,9175060,5505025,13500417,20840964 -0 -f /media/backup/nlewis.12011020-lvl-0.dmp /
  DUMP: Date of this level 0 dump: Mon Dec  1 10:20:33 2014
  DUMP: Dumping /dev/mapper/luks-b14da32b-920d-4342-8882-8482d3941016 (/) to /media/backup/nlewis.12011020-lvl-0.dmp
  DUMP: Label: none
  DUMP: Writing 10 Kilobyte records
  DUMP: mapping (Pass I) [regular files]
  DUMP: mapping (Pass II) [directories]
  DUMP: estimated 29088397 blocks.
  DUMP: Volume 1 started with block 1 at: Mon Dec  1 10:20:42 2014
  DUMP: dumping (Pass III) [directories]
  DUMP: dumping (Pass IV) [regular files]
  DUMP: 16.88% done at 16368 kB/s, finished in 0:24
  DUMP: 42.68% done at 20692 kB/s, finished in 0:13
  DUMP: 70.29% done at 22718 kB/s, finished in 0:06
  DUMP: 98.11% done at 23781 kB/s, finished in 0:00
  DUMP: Closing /media/backup/nlewis.12011020-lvl-0.dmp
  DUMP: Volume 1 completed at: Mon Dec  1 10:41:01 2014
  DUMP: Volume 1 29083150 blocks (28401.51MB)
  DUMP: Volume 1 took 0:20:19
  DUMP: Volume 1 transfer rate: 23858 kB/s
  DUMP: 29083150 blocks (28401.51MB) on 1 volume(s)
  DUMP: finished in 1219 seconds, throughput 23858 kBytes/sec
  DUMP: Date of this level 0 dump: Mon Dec  1 10:20:33 2014
  DUMP: Date this dump completed:  Mon Dec  1 10:41:01 2014
  DUMP: Average transfer rate: 23858 kB/s
  DUMP: DUMP IS DONE
/media/backup/nlewis.12011020-lvl-0.dmp:	 35.8%
Backup
Completed
Mon Dec  1 11:27:35 EST 2014
Exit Code 0 + 0 + 0

